<?xml version="1.0" encoding="UTF-8"?>
<!-- Generated by org.testng.reporters.JUnitXMLReporter -->
<testsuite ignored="1" hostname="DESKTOP-SV9CFRI" failures="0" tests="1" name="PositiveTests" time="17.693" errors="0" timestamp="2023-08-09T17:43:12 IST">
  <testcase classname="com.herokuapp.theinternet.LoginTests" name="positiveLoginTest" time="1.427"/>
  <testcase classname="com.herokuapp.theinternet.LoginTests" name="negativeLoginTest" time="0.0">
    <ignored/>
  </testcase> <!-- negativeLoginTest -->
</testsuite> <!-- PositiveTests -->
